[13:59:08] [main/INFO] (FabricLoader/GameProvider) Loading Minecraft 1.19.4 with Fabric Loader 0.14.21
[13:59:10] [main/INFO] (FabricLoader) Loading 43 mods:
	- cofreprueba 1.0.0
	- fabric-api 0.87.2+1.19.4
	- fabric-api-base 0.4.28+737a6ee8f4
	- fabric-api-lookup-api-v1 1.6.29+504944c8f4
	- fabric-biome-api-v1 13.0.10+6b242079f4
	- fabric-block-api-v1 1.0.8+e022e5d1f4
	- fabric-command-api-v1 1.2.31+f71b366ff4
	- fabric-command-api-v2 2.2.10+10ce000ff4
	- fabric-commands-v0 0.2.48+df3654b3f4
	- fabric-containers-v0 0.1.59+df3654b3f4
	- fabric-content-registries-v0 3.5.14+10ce000ff4
	- fabric-convention-tags-v1 1.5.3+6d727b51f4
	- fabric-crash-report-info-v1 0.2.17+aeb40ebef4
	- fabric-data-generation-api-v1 11.5.2+26f09d40f4
	- fabric-dimensions-v1 2.1.50+44c9c860f4
	- fabric-entity-events-v1 1.5.17+10ce000ff4
	- fabric-events-interaction-v0 0.6.1+4b6b93f0f4
	- fabric-events-lifecycle-v0 0.2.56+df3654b3f4
	- fabric-game-rule-api-v1 1.0.36+3f657af2f4
	- fabric-gametest-api-v1 1.2.9+10ce000ff4
	- fabric-item-api-v1 2.1.21+10ce000ff4
	- fabric-item-group-api-v1 3.0.10+8400c67ef4
	- fabric-lifecycle-events-v1 2.2.19+10ce000ff4
	- fabric-loot-api-v2 1.1.32+10ce000ff4
	- fabric-loot-tables-v1 1.1.36+9e7660c6f4
	- fabric-message-api-v1 5.1.5+53c11dadf4
	- fabric-mining-level-api-v1 2.1.44+10ce000ff4
	- fabric-networking-api-v1 1.3.6+ae9c4c6af4
	- fabric-networking-v0 0.3.46+df3654b3f4
	- fabric-object-builder-api-v1 7.1.1+d63b52eaf4
	- fabric-particles-v1 1.1.1+86d48884f4
	- fabric-recipe-api-v1 1.0.13+10ce000ff4
	- fabric-registry-sync-v0 2.3.2+95ae8716f4
	- fabric-rendering-data-attachment-v1 0.3.32+10ce000ff4
	- fabric-rendering-fluids-v1 3.0.25+10ce000ff4
	- fabric-resource-conditions-api-v1 2.3.3+10ce000ff4
	- fabric-resource-loader-v0 0.11.7+8400c67ef4
	- fabric-screen-handler-api-v1 1.3.25+10ce000ff4
	- fabric-transfer-api-v1 3.3.1+602c17c7f4
	- fabric-transitive-access-wideners-v1 3.3.0+1b5f819af4
	- fabricloader 0.14.21
	- java 17
	- minecraft 1.19.4
[13:59:11] [main/INFO] (FabricLoader/Mixin) SpongePowered MIXIN Subsystem Version=0.8.5 Source=file:/C:/Users/Jacky/.gradle/caches/modules-2/files-2.1/net.fabricmc/sponge-mixin/0.12.5+mixin.0.8.5/8d31fb97c3e0cd7c8dad3441851c523bcfae6d8e/sponge-mixin-0.12.5+mixin.0.8.5.jar Service=Knot/Fabric Env=SERVER
[13:59:13] [main/INFO] (FabricLoader/Mixin) Loaded Fabric development mappings for mixin remapper!
[13:59:14] [main/INFO] (FabricLoader/Mixin) Compatibility level set to JAVA_16
[13:59:14] [main/INFO] (FabricLoader/Mixin) Compatibility level set to JAVA_17
[14:00:28] [main/INFO] (ChestMod) ChestMod se ha inicializado
[14:00:28] [main/INFO] (ChestMod) Configuración de loot cargada correctamente.
[14:00:29] [main/INFO] (Minecraft) Environment: authHost='https://authserver.mojang.com', accountsHost='https://api.mojang.com', sessionHost='https://sessionserver.mojang.com', servicesHost='https://api.minecraftservices.com', name='PROD'
[14:00:41] [main/INFO] (Minecraft) Loaded 7 recipes
[14:00:43] [main/INFO] (Minecraft) Loaded 1179 advancements
[14:00:47] [main/INFO] (BiomeModificationImpl) Applied 0 biome modifications to 0 of 63 new biomes in 11.31 ms
[14:00:47] [Server thread/INFO] (Minecraft) Starting minecraft server version 1.19.4
[14:00:47] [Server thread/INFO] (Minecraft) Loading properties
[14:00:47] [Server thread/INFO] (Minecraft) Default game type: SURVIVAL
[14:00:47] [Server thread/INFO] (Minecraft) Generating keypair
[14:00:47] [Server thread/INFO] (Minecraft) Starting Minecraft server on *:25565
[14:00:48] [Server thread/INFO] (Minecraft) Using default channel type
[14:00:51] [Server thread/INFO] (Minecraft) Preparing level "world"
[14:01:07] [Server thread/INFO] (Minecraft) Preparing start region for dimension minecraft:overworld
[14:01:18] [Worker-Main-1/INFO] (Minecraft) Preparing spawn area: 0%
[14:01:18] [Worker-Main-1/INFO] (Minecraft) Preparing spawn area: 0%
[14:01:18] [Worker-Main-1/INFO] (Minecraft) Preparing spawn area: 0%
[14:01:18] [Worker-Main-1/INFO] (Minecraft) Preparing spawn area: 0%
[14:01:18] [Worker-Main-1/INFO] (Minecraft) Preparing spawn area: 0%
[14:01:18] [Worker-Main-1/INFO] (Minecraft) Preparing spawn area: 0%
[14:01:18] [Worker-Main-1/INFO] (Minecraft) Preparing spawn area: 0%
[14:01:18] [Worker-Main-1/INFO] (Minecraft) Preparing spawn area: 0%
[14:01:18] [Worker-Main-1/INFO] (Minecraft) Preparing spawn area: 0%
[14:01:18] [Worker-Main-1/INFO] (Minecraft) Preparing spawn area: 0%
[14:01:18] [Worker-Main-1/INFO] (Minecraft) Preparing spawn area: 0%
[14:01:18] [Worker-Main-1/INFO] (Minecraft) Preparing spawn area: 0%
[14:01:18] [Worker-Main-1/INFO] (Minecraft) Preparing spawn area: 0%
[14:01:18] [Worker-Main-1/INFO] (Minecraft) Preparing spawn area: 0%
[14:01:18] [Worker-Main-1/INFO] (Minecraft) Preparing spawn area: 0%
[14:01:18] [Worker-Main-1/INFO] (Minecraft) Preparing spawn area: 0%
[14:01:18] [Worker-Main-1/INFO] (Minecraft) Preparing spawn area: 0%
[14:01:18] [Worker-Main-1/INFO] (Minecraft) Preparing spawn area: 0%
[14:01:18] [Worker-Main-1/INFO] (Minecraft) Preparing spawn area: 0%
[14:01:18] [Worker-Main-1/INFO] (Minecraft) Preparing spawn area: 0%
[14:01:18] [Worker-Main-1/INFO] (Minecraft) Preparing spawn area: 0%
[14:01:18] [Worker-Main-1/INFO] (Minecraft) Preparing spawn area: 0%
[14:01:18] [Worker-Main-1/INFO] (Minecraft) Preparing spawn area: 0%
[14:01:19] [Worker-Main-1/INFO] (Minecraft) Preparing spawn area: 0%
[14:01:19] [Worker-Main-1/INFO] (Minecraft) Preparing spawn area: 0%
[14:01:20] [Worker-Main-1/INFO] (Minecraft) Preparing spawn area: 0%
[14:01:20] [Worker-Main-1/INFO] (Minecraft) Preparing spawn area: 0%
[14:01:21] [Worker-Main-1/INFO] (Minecraft) Preparing spawn area: 0%
[14:01:21] [Worker-Main-1/INFO] (Minecraft) Preparing spawn area: 0%
[14:01:22] [Worker-Main-1/INFO] (Minecraft) Preparing spawn area: 0%
[14:01:22] [Worker-Main-1/INFO] (Minecraft) Preparing spawn area: 0%
[14:01:23] [Worker-Main-1/INFO] (Minecraft) Preparing spawn area: 0%
[14:01:23] [Worker-Main-1/INFO] (Minecraft) Preparing spawn area: 47%
[14:01:24] [Worker-Main-1/INFO] (Minecraft) Preparing spawn area: 59%
[14:01:24] [Worker-Main-1/INFO] (Minecraft) Preparing spawn area: 63%
[14:01:29] [Worker-Main-1/INFO] (Minecraft) Preparing spawn area: 66%
[14:01:29] [Worker-Main-1/INFO] (Minecraft) Preparing spawn area: 66%
[14:01:29] [Worker-Main-1/INFO] (Minecraft) Preparing spawn area: 66%
[14:01:29] [Worker-Main-1/INFO] (Minecraft) Preparing spawn area: 66%
[14:01:29] [Worker-Main-1/INFO] (Minecraft) Preparing spawn area: 66%
[14:01:29] [Worker-Main-1/INFO] (Minecraft) Preparing spawn area: 66%
[14:01:29] [Worker-Main-1/INFO] (Minecraft) Preparing spawn area: 66%
[14:01:29] [Worker-Main-1/INFO] (Minecraft) Preparing spawn area: 66%
[14:01:29] [Worker-Main-1/INFO] (Minecraft) Preparing spawn area: 66%
[14:01:29] [Worker-Main-1/INFO] (Minecraft) Preparing spawn area: 66%
[14:01:30] [Worker-Main-1/INFO] (Minecraft) Preparing spawn area: 68%
[14:01:30] [Worker-Main-1/INFO] (Minecraft) Preparing spawn area: 73%
[14:01:32] [Worker-Main-1/INFO] (Minecraft) Preparing spawn area: 73%
[14:01:32] [Worker-Main-1/INFO] (Minecraft) Preparing spawn area: 73%
[14:01:33] [Worker-Main-1/INFO] (Minecraft) Preparing spawn area: 73%
[14:01:33] [Worker-Main-1/INFO] (Minecraft) Preparing spawn area: 73%
[14:01:33] [Worker-Main-1/INFO] (Minecraft) Preparing spawn area: 73%
[14:01:33] [Worker-Main-1/INFO] (Minecraft) Preparing spawn area: 73%
[14:01:34] [Worker-Main-1/INFO] (Minecraft) Preparing spawn area: 73%
[14:01:34] [Worker-Main-1/INFO] (Minecraft) Preparing spawn area: 73%
[14:01:35] [Worker-Main-1/INFO] (Minecraft) Preparing spawn area: 75%
[14:01:35] [Worker-Main-1/INFO] (Minecraft) Preparing spawn area: 76%
[14:01:36] [Worker-Main-1/INFO] (Minecraft) Preparing spawn area: 86%
[14:01:36] [Worker-Main-1/INFO] (Minecraft) Preparing spawn area: 87%
[14:01:37] [Worker-Main-1/INFO] (Minecraft) Preparing spawn area: 88%
[14:01:37] [Worker-Main-1/INFO] (Minecraft) Preparing spawn area: 88%
[14:01:38] [Worker-Main-1/INFO] (Minecraft) Preparing spawn area: 88%
[14:01:38] [Worker-Main-1/INFO] (Minecraft) Preparing spawn area: 88%
[14:01:39] [Worker-Main-1/INFO] (Minecraft) Preparing spawn area: 89%
[14:01:39] [Worker-Main-1/INFO] (Minecraft) Preparing spawn area: 89%
[14:01:40] [Worker-Main-1/INFO] (Minecraft) Preparing spawn area: 89%
[14:01:40] [Worker-Main-1/INFO] (Minecraft) Preparing spawn area: 90%
[14:01:41] [Worker-Main-1/INFO] (Minecraft) Preparing spawn area: 91%
[14:01:41] [Worker-Main-1/INFO] (Minecraft) Preparing spawn area: 91%
[14:01:42] [Worker-Main-1/INFO] (Minecraft) Preparing spawn area: 91%
[14:01:42] [Worker-Main-1/INFO] (Minecraft) Preparing spawn area: 91%
[14:01:43] [Worker-Main-1/INFO] (Minecraft) Preparing spawn area: 91%
[14:01:43] [Worker-Main-1/INFO] (Minecraft) Preparing spawn area: 93%
[14:01:44] [Worker-Main-1/INFO] (Minecraft) Preparing spawn area: 94%
[14:01:44] [Worker-Main-1/INFO] (Minecraft) Preparing spawn area: 98%
[14:01:45] [Worker-Main-1/INFO] (Minecraft) Preparing spawn area: 98%
[14:01:45] [Worker-Main-1/INFO] (Minecraft) Preparing spawn area: 98%
[14:01:46] [Worker-Main-1/INFO] (Minecraft) Preparing spawn area: 99%
[14:01:47] [Server thread/INFO] (Minecraft) Time elapsed: 39293 ms
[14:01:47] [Server thread/INFO] (Minecraft) Done (55.930s)! For help, type "help"
[14:04:49] [User Authenticator #1/INFO] (Minecraft) UUID of player Vannyx_ is 80a1a848-e4fc-4914-a022-216c99a3fcf4
[14:04:50] [Server thread/INFO] (Minecraft) Vannyx_[/192.168.1.14:49881] logged in with entity id 24 at (56.33334867751236, 73.74477145352839, -1399.6393605664707)
[14:04:50] [Server thread/INFO] (Minecraft) Vannyx_ joined the game
[14:04:52] [Server thread/WARN] (Minecraft) Can't keep up! Is the server overloaded? Running 2743ms or 54 ticks behind
[14:05:11] [Server thread/WARN] (Minecraft) Can't keep up! Is the server overloaded? Running 4280ms or 85 ticks behind
[14:05:30] [Server thread/INFO] (ChestMod) Cofre colocado en creativo
[14:05:30] [Server thread/INFO] (ChestMod) Asignada loot table [cofreprueba:my_stony_shore] al cofre en el bioma [minecraft:stony_shore].
[14:06:14] [Server thread/INFO] (ChestMod) Cofre colocado en creativo
[14:06:14] [Server thread/INFO] (ChestMod) Asignada loot table [cofreprueba:my_stony_shore] al cofre en el bioma [minecraft:stony_shore].
[14:06:54] [Server thread/INFO] (Minecraft) [Vannyx_: Set the weather to clear]
[14:07:28] [Server thread/INFO] (ChestMod) Cofre colocado en creativo
[14:07:28] [Server thread/INFO] (ChestMod) Asignada loot table [cofreprueba:my_stony_shore] al cofre en el bioma [minecraft:stony_shore].
[14:07:35] [Server thread/INFO] (ChestMod) Cofre colocado en creativo
[14:07:35] [Server thread/INFO] (ChestMod) Asignada loot table [cofreprueba:my_stony_shore] al cofre en el bioma [minecraft:stony_shore].
[14:07:45] [Server thread/INFO] (ChestMod) Cofre colocado en creativo
[14:07:45] [Server thread/INFO] (ChestMod) Asignada loot table [cofreprueba:my_badlands] al cofre en el bioma [minecraft:badlands].
[14:07:54] [Server thread/INFO] (ChestMod) Cofre colocado en creativo
[14:07:54] [Server thread/INFO] (ChestMod) Asignada loot table [minecraft:chests/abandoned_mineshaft] al cofre en el bioma [minecraft:badlands].
[14:08:04] [Server thread/INFO] (ChestMod) Configuración de loot cargada correctamente.
[14:08:04] [Server thread/INFO] (Minecraft) [Vannyx_: Configuración de loot recargada correctamente.]
[14:08:17] [Server thread/INFO] (Minecraft) [Vannyx_: Set own game mode to Survival Mode]
[14:08:19] [Server thread/INFO] (ChestMod) Cofre colocado en survival
[14:08:23] [Server thread/WARN] (Minecraft) Can't keep up! Is the server overloaded? Running 2575ms or 51 ticks behind
[14:08:36] [Server thread/INFO] (Minecraft) Vannyx_ was slain by Zombie
[14:10:28] [Server thread/INFO] (Minecraft) [Vannyx_: Set own game mode to Creative Mode]
[14:10:33] [Server thread/INFO] (ChestMod) Cofre colocado en creativo
[14:10:33] [Server thread/INFO] (ChestMod) Asignada loot table [minecraft:chests/village/village_plains_house] al cofre en el bioma [minecraft:plains].
[14:13:50] [Server thread/INFO] (ChestMod) Cofre colocado en creativo
[14:13:50] [Server thread/INFO] (ChestMod) Asignada loot table [minecraft:chests/village/village_plains_house] al cofre en el bioma [minecraft:plains].
[14:13:59] [Server thread/INFO] (ChestMod) Cofre colocado en creativo
[14:13:59] [Server thread/INFO] (ChestMod) Asignada loot table [cofreprueba:my_stony_shore] al cofre en el bioma [minecraft:stony_shore].
[14:14:14] [Server thread/INFO] (Minecraft) Locating element #c:beach (minecraft:stony_shore) took 15 ms
[14:14:23] [Server thread/INFO] (Minecraft) [Vannyx_: Teleported Vannyx_ to 59.500000, 86.000000, -63.500000]
[14:14:46] [Server thread/INFO] (Minecraft) Vannyx_ has made the advancement [Acquire Hardware]
[14:15:26] [Server thread/INFO] (ChestMod) Cofre colocado en creativo
[14:15:26] [Server thread/INFO] (ChestMod) Asignada loot table [minecraft:chests/simple_dungeon] al cofre en el bioma [minecraft:plains].
[14:15:36] [Server thread/INFO] (ChestMod) Cofre colocado en creativo
[14:15:36] [Server thread/INFO] (ChestMod) Asignada loot table [cofreprueba:my_stony_shore] al cofre en el bioma [minecraft:stony_shore].
[14:15:50] [Server thread/INFO] (Minecraft) Locating element minecraft:desert took 676 ms
[14:15:56] [Server thread/INFO] (Minecraft) [Vannyx_: Teleported Vannyx_ to 174.500000, 79.000000, -1219.500000]
[14:16:07] [Server thread/INFO] (ChestMod) Cofre colocado en creativo
[14:16:07] [Server thread/INFO] (ChestMod) Asignada loot table [cofreprueba:my_desert] al cofre en el bioma [minecraft:desert].
[14:16:17] [Server thread/INFO] (ChestMod) Configuración de loot cargada correctamente.
[14:16:17] [Server thread/INFO] (Minecraft) [Vannyx_: Configuración de loot recargada correctamente.]
[14:16:26] [Server thread/INFO] (Minecraft) [Vannyx_: Set own game mode to Survival Mode]
[14:16:27] [Server thread/INFO] (ChestMod) Cofre colocado en survival
[14:16:53] [Server thread/INFO] (Minecraft) Vannyx_ lost connection: Disconnected
[14:16:53] [Server thread/INFO] (Minecraft) Vannyx_ left the game
[14:26:11] [Server thread/WARN] (Minecraft) Can't keep up! Is the server overloaded? Running 2662ms or 53 ticks behind
[14:27:25] [Server thread/WARN] (Minecraft) Can't keep up! Is the server overloaded? Running 2725ms or 54 ticks behind
[14:28:48] [Server thread/WARN] (Minecraft) Can't keep up! Is the server overloaded? Running 2538ms or 50 ticks behind
